2021-05-19 13:41:34,776:INFO:Country Data Added in 6.492783069610596
2021-05-19 13:41:56,922:INFO:District Data Added in 28.637369871139526
2021-05-19 13:41:57,073:INFO:Adding job tentatively -- it will be properly scheduled when the scheduler starts
2021-05-19 13:41:57,073:INFO:Adding job tentatively -- it will be properly scheduled when the scheduler starts
2021-05-19 13:41:57,074:INFO:Added job "CountrynStateData" to job store "default"
2021-05-19 13:41:57,074:INFO:Scheduler started
2021-05-19 13:41:57,075:INFO:Added job "DistrictsData" to job store "default"
2021-05-19 13:41:57,075:INFO:Scheduler started
2021-05-19 13:42:03,582:INFO:Country Data Added in 6.506587266921997
2021-05-19 13:42:25,433:INFO:District Data Added in 28.350547790527344
2021-05-19 13:42:25,435:INFO:Scheduler has been shut down
2021-05-19 13:42:25,435:INFO:Scheduler has been shut down
2021-05-19 13:43:14,448:INFO:Adding job tentatively -- it will be properly scheduled when the scheduler starts
2021-05-19 13:43:14,448:INFO:Adding job tentatively -- it will be properly scheduled when the scheduler starts
2021-05-19 13:43:14,449:INFO:Added job "CountrynStateData" to job store "default"
2021-05-19 13:43:14,449:INFO:Scheduler started
2021-05-19 13:43:14,449:INFO:Added job "DistrictsData" to job store "default"
2021-05-19 13:43:14,450:INFO:Scheduler started
2021-05-19 13:43:14,459:INFO: * Running on http://127.0.0.1:5000/ (Press CTRL+C to quit)
2021-05-19 13:43:14,461:INFO: * Restarting with stat
2021-05-19 13:43:15,699:INFO:Adding job tentatively -- it will be properly scheduled when the scheduler starts
2021-05-19 13:43:15,699:INFO:Adding job tentatively -- it will be properly scheduled when the scheduler starts
2021-05-19 13:43:15,700:INFO:Added job "CountrynStateData" to job store "default"
2021-05-19 13:43:15,700:INFO:Scheduler started
2021-05-19 13:43:15,700:INFO:Added job "DistrictsData" to job store "default"
2021-05-19 13:43:15,700:INFO:Scheduler started
2021-05-19 13:43:15,708:WARNING: * Debugger is active!
2021-05-19 13:43:15,709:INFO: * Debugger PIN: 132-433-038
2021-05-19 13:43:16,139:INFO:127.0.0.1 - - [19/May/2021 13:43:16] "POST / HTTP/1.1" 200 -
2021-05-19 13:43:18,112:INFO:127.0.0.1 - - [19/May/2021 13:43:18] "POST / HTTP/1.1" 200 -
2021-05-19 13:43:27,661:INFO:127.0.0.1 - - [19/May/2021 13:43:27] "POST / HTTP/1.1" 200 -
2021-05-19 13:43:29,225:INFO:127.0.0.1 - - [19/May/2021 13:43:29] "POST / HTTP/1.1" 200 -
2021-05-19 13:43:32,559:INFO:127.0.0.1 - - [19/May/2021 13:43:32] "POST / HTTP/1.1" 200 -
2021-05-19 13:43:36,054:INFO:127.0.0.1 - - [19/May/2021 13:43:36] "POST / HTTP/1.1" 200 -
2021-05-19 13:43:42,321:INFO:127.0.0.1 - - [19/May/2021 13:43:42] "POST / HTTP/1.1" 200 -
2021-05-19 13:45:08,110:INFO:127.0.0.1 - - [19/May/2021 13:45:08] "POST / HTTP/1.1" 200 -
2021-05-19 13:45:10,415:INFO:127.0.0.1 - - [19/May/2021 13:45:10] "POST / HTTP/1.1" 200 -
2021-05-19 13:45:14,205:INFO:127.0.0.1 - - [19/May/2021 13:45:14] "POST / HTTP/1.1" 200 -
2021-05-19 13:45:17,378:INFO:127.0.0.1 - - [19/May/2021 13:45:17] "POST / HTTP/1.1" 200 -
2021-05-19 13:45:43,151:INFO:Adding job tentatively -- it will be properly scheduled when the scheduler starts
2021-05-19 13:45:43,151:INFO:Adding job tentatively -- it will be properly scheduled when the scheduler starts
2021-05-19 13:45:43,154:INFO:Added job "CountrynStateData" to job store "default"
2021-05-19 13:45:43,154:INFO:Scheduler started
2021-05-19 13:45:43,155:INFO:Added job "DistrictsData" to job store "default"
2021-05-19 13:45:43,155:INFO:Scheduler started
2021-05-19 13:45:43,156:INFO:Scheduler has been shut down
2021-05-19 13:45:43,156:INFO:Scheduler has been shut down
2021-05-19 13:46:04,324:INFO: * Detected change in '/home/cueitadmin/covid-19/apidata.py', reloading
2021-05-19 13:46:04,326:INFO:Scheduler has been shut down
2021-05-19 13:46:04,327:INFO:Scheduler has been shut down
2021-05-19 13:46:04,507:INFO: * Restarting with stat
2021-05-19 13:46:10,659:INFO:Country Data Added in 4.91427755355835
2021-05-19 13:46:16,546:INFO:Country Data Added in 7.336168050765991
2021-05-19 13:47:00,522:INFO:District Data Added in 43.97584128379822
2021-05-19 13:47:00,602:INFO:Adding job tentatively -- it will be properly scheduled when the scheduler starts
2021-05-19 13:47:00,602:INFO:Adding job tentatively -- it will be properly scheduled when the scheduler starts
2021-05-19 13:47:00,602:INFO:Added job "CountrynStateData" to job store "default"
2021-05-19 13:47:00,602:INFO:Scheduler started
2021-05-19 13:47:00,603:INFO:Added job "DistrictsData" to job store "default"
2021-05-19 13:47:00,603:INFO:Scheduler started
2021-05-19 13:47:06,472:INFO:Country Data Added in 5.8676371574401855
2021-05-19 13:47:06,939:INFO:District Data Added in 56.27865409851074
2021-05-19 13:47:07,019:INFO:Adding job tentatively -- it will be properly scheduled when the scheduler starts
2021-05-19 13:47:07,019:INFO:Adding job tentatively -- it will be properly scheduled when the scheduler starts
2021-05-19 13:47:07,019:INFO:Added job "CountrynStateData" to job store "default"
2021-05-19 13:47:07,019:INFO:Scheduler started
2021-05-19 13:47:07,020:INFO:Added job "DistrictsData" to job store "default"
2021-05-19 13:47:07,020:INFO:Scheduler started
2021-05-19 13:47:07,028:WARNING: * Debugger is active!
2021-05-19 13:47:07,028:INFO: * Debugger PIN: 132-433-038
2021-05-19 13:47:07,364:INFO:127.0.0.1 - - [19/May/2021 13:47:07] "POST / HTTP/1.1" 200 -
2021-05-19 13:47:07,369:INFO:127.0.0.1 - - [19/May/2021 13:47:07] "POST / HTTP/1.1" 200 -
2021-05-19 13:47:07,372:INFO:127.0.0.1 - - [19/May/2021 13:47:07] "POST / HTTP/1.1" 200 -
2021-05-19 13:47:07,378:INFO:127.0.0.1 - - [19/May/2021 13:47:07] "POST / HTTP/1.1" 200 -
2021-05-19 13:47:07,387:INFO:127.0.0.1 - - [19/May/2021 13:47:07] "POST / HTTP/1.1" 200 -
2021-05-19 13:47:07,388:INFO:127.0.0.1 - - [19/May/2021 13:47:07] "POST / HTTP/1.1" 200 -
2021-05-19 13:47:07,389:INFO:127.0.0.1 - - [19/May/2021 13:47:07] "POST / HTTP/1.1" 200 -
2021-05-19 13:47:07,390:INFO:127.0.0.1 - - [19/May/2021 13:47:07] "POST / HTTP/1.1" 200 -
2021-05-19 13:47:33,440:INFO:District Data Added in 26.967719078063965
2021-05-19 13:47:33,442:INFO:Scheduler has been shut down
2021-05-19 13:47:33,443:INFO:Scheduler has been shut down
2021-05-19 13:47:42,276:INFO:127.0.0.1 - - [19/May/2021 13:47:42] "POST / HTTP/1.1" 200 -
2021-05-19 13:48:24,196:INFO: * Detected change in '/home/cueitadmin/covid-19/config.py', reloading
2021-05-19 13:48:24,197:INFO:Scheduler has been shut down
2021-05-19 13:48:24,197:INFO:Scheduler has been shut down
2021-05-19 13:48:24,340:INFO: * Restarting with stat
2021-05-19 13:48:30,637:INFO:Country Data Added in 5.0960869789123535
2021-05-19 13:48:42,802:INFO:Scheduler has been shut down
2021-05-19 13:48:42,803:INFO:Scheduler has been shut down
2021-05-19 13:48:50,487:INFO:Country Data Added in 4.483684062957764
2021-05-19 13:49:17,485:INFO:Country Data Added in 9.136535167694092
2021-05-19 13:49:44,413:INFO:District Data Added in 26.927733421325684
2021-05-19 13:49:44,482:INFO:Adding job tentatively -- it will be properly scheduled when the scheduler starts
2021-05-19 13:49:44,482:INFO:Adding job tentatively -- it will be properly scheduled when the scheduler starts
2021-05-19 13:49:44,483:INFO:Added job "CountrynStateData" to job store "default"
2021-05-19 13:49:44,483:INFO:Scheduler started
2021-05-19 13:49:44,484:INFO:Added job "DistrictsData" to job store "default"
2021-05-19 13:49:44,484:INFO:Scheduler started
2021-05-19 13:49:48,626:INFO:Scheduler has been shut down
2021-05-19 13:49:48,627:INFO:Scheduler has been shut down
2021-05-19 13:51:44,098:INFO:Country Data Added in 6.493375539779663
2021-05-19 13:52:11,202:INFO:District Data Added in 27.10292911529541
2021-05-19 13:52:11,281:INFO:Adding job tentatively -- it will be properly scheduled when the scheduler starts
2021-05-19 13:52:11,281:INFO:Adding job tentatively -- it will be properly scheduled when the scheduler starts
2021-05-19 13:52:11,281:INFO:Added job "CountrynStateData" to job store "default"
2021-05-19 13:52:11,281:INFO:Scheduler started
2021-05-19 13:52:11,282:INFO:Added job "DistrictsData" to job store "default"
2021-05-19 13:52:11,282:INFO:Scheduler started
2021-05-19 13:52:15,642:INFO:Scheduler has been shut down
2021-05-19 13:52:15,642:INFO:Scheduler has been shut down
2021-05-19 13:53:27,945:INFO:Adding job tentatively -- it will be properly scheduled when the scheduler starts
2021-05-19 13:53:27,946:INFO:Adding job tentatively -- it will be properly scheduled when the scheduler starts
2021-05-19 13:53:27,946:INFO:Added job "CountrynStateData" to job store "default"
2021-05-19 13:53:27,946:INFO:Scheduler started
2021-05-19 13:53:27,947:INFO:Added job "DistrictsData" to job store "default"
2021-05-19 13:53:27,947:INFO:Scheduler started
2021-05-19 13:53:27,958:INFO: * Running on http://127.0.0.1:5000/ (Press CTRL+C to quit)
2021-05-19 13:53:27,961:INFO: * Restarting with stat
2021-05-19 13:53:29,233:INFO:Adding job tentatively -- it will be properly scheduled when the scheduler starts
2021-05-19 13:53:29,233:INFO:Adding job tentatively -- it will be properly scheduled when the scheduler starts
2021-05-19 13:53:29,233:INFO:Added job "CountrynStateData" to job store "default"
2021-05-19 13:53:29,233:INFO:Scheduler started
2021-05-19 13:53:29,234:INFO:Added job "DistrictsData" to job store "default"
2021-05-19 13:53:29,234:INFO:Scheduler started
2021-05-19 13:53:29,244:WARNING: * Debugger is active!
2021-05-19 13:53:29,244:INFO: * Debugger PIN: 132-433-038
2021-05-19 13:53:30,299:INFO:127.0.0.1 - - [19/May/2021 13:53:30] "POST / HTTP/1.1" 200 -
2021-05-19 13:53:34,533:INFO:127.0.0.1 - - [19/May/2021 13:53:34] "POST / HTTP/1.1" 200 -
2021-05-19 13:53:37,794:INFO:127.0.0.1 - - [19/May/2021 13:53:37] "POST / HTTP/1.1" 200 -
2021-05-19 14:23:27,947:INFO:Running job "CountrynStateData (trigger: interval[0:30:00], next run at: 2021-05-19 14:23:27 IST)" (scheduled at 2021-05-19 14:23:27.945659+05:30)
2021-05-19 14:23:29,234:INFO:Running job "CountrynStateData (trigger: interval[0:30:00], next run at: 2021-05-19 14:23:29 IST)" (scheduled at 2021-05-19 14:23:29.232904+05:30)
2021-05-19 14:23:32,290:INFO:Country Data Added in 4.340909719467163
2021-05-19 14:23:32,290:INFO:Job "CountrynStateData (trigger: interval[0:30:00], next run at: 2021-05-19 14:53:27 IST)" executed successfully
2021-05-19 14:23:33,682:INFO:Country Data Added in 4.44745135307312
2021-05-19 14:23:33,683:INFO:Job "CountrynStateData (trigger: interval[0:30:00], next run at: 2021-05-19 14:53:29 IST)" executed successfully
2021-05-19 14:26:27,946:INFO:Running job "DistrictsData (trigger: interval[0:33:00], next run at: 2021-05-19 14:26:27 IST)" (scheduled at 2021-05-19 14:26:27.946052+05:30)
2021-05-19 14:26:29,234:INFO:Running job "DistrictsData (trigger: interval[0:33:00], next run at: 2021-05-19 14:26:29 IST)" (scheduled at 2021-05-19 14:26:29.233265+05:30)
2021-05-19 14:27:17,831:INFO:District Data Added in 49.88382530212402
2021-05-19 14:27:17,833:INFO:Job "DistrictsData (trigger: interval[0:33:00], next run at: 2021-05-19 14:59:27 IST)" executed successfully
2021-05-19 14:27:22,110:INFO:District Data Added in 52.875739336013794
2021-05-19 14:27:22,111:INFO:Job "DistrictsData (trigger: interval[0:33:00], next run at: 2021-05-19 14:59:29 IST)" executed successfully
2021-05-19 14:47:25,849:INFO: * Detected change in '/home/cueitadmin/covid-19/config.py', reloading
2021-05-19 14:47:25,850:INFO:Scheduler has been shut down
2021-05-19 14:47:25,851:INFO:Scheduler has been shut down
2021-05-19 14:47:25,994:INFO: * Restarting with stat
2021-05-19 14:47:27,591:INFO:Adding job tentatively -- it will be properly scheduled when the scheduler starts
2021-05-19 14:47:27,591:INFO:Adding job tentatively -- it will be properly scheduled when the scheduler starts
2021-05-19 14:47:27,592:INFO:Added job "CountrynStateData" to job store "default"
2021-05-19 14:47:27,592:INFO:Scheduler started
2021-05-19 14:47:27,872:INFO:Scheduler has been shut down
2021-05-19 14:47:27,873:INFO:Scheduler has been shut down
2021-05-20 10:03:06,256:INFO:Adding job tentatively -- it will be properly scheduled when the scheduler starts
2021-05-20 10:03:06,257:INFO:Adding job tentatively -- it will be properly scheduled when the scheduler starts
2021-05-20 10:03:06,258:INFO:Added job "CountrynStateData" to job store "default"
2021-05-20 10:03:06,258:INFO:Scheduler started
2021-05-20 10:03:06,262:INFO:Added job "DistrictsData" to job store "default"
2021-05-20 10:03:06,262:INFO:Scheduler started
2021-05-20 10:03:06,274:INFO: * Running on http://127.0.0.1:5000/ (Press CTRL+C to quit)
2021-05-20 10:03:06,276:INFO: * Restarting with stat
2021-05-20 10:03:07,620:INFO:Adding job tentatively -- it will be properly scheduled when the scheduler starts
2021-05-20 10:03:07,621:INFO:Adding job tentatively -- it will be properly scheduled when the scheduler starts
2021-05-20 10:03:07,625:INFO:Added job "CountrynStateData" to job store "default"
2021-05-20 10:03:07,625:INFO:Scheduler started
2021-05-20 10:03:07,626:INFO:Added job "DistrictsData" to job store "default"
2021-05-20 10:03:07,626:INFO:Scheduler started
2021-05-20 10:03:07,634:WARNING: * Debugger is active!
2021-05-20 10:03:07,635:INFO: * Debugger PIN: 132-433-038
2021-05-20 10:03:21,232:INFO:127.0.0.1 - - [20/May/2021 10:03:21] "POST / HTTP/1.1" 200 -
2021-05-20 10:03:25,462:INFO:127.0.0.1 - - [20/May/2021 10:03:25] "POST / HTTP/1.1" 200 -
2021-05-20 10:03:29,437:INFO:Scheduler has been shut down
2021-05-20 10:03:29,440:INFO:Scheduler has been shut down
2021-05-20 10:26:24,337:INFO:Adding job tentatively -- it will be properly scheduled when the scheduler starts
2021-05-20 10:26:24,337:INFO:Adding job tentatively -- it will be properly scheduled when the scheduler starts
2021-05-20 10:26:24,338:INFO:Added job "CountrynStateData" to job store "default"
2021-05-20 10:26:24,338:INFO:Scheduler started
2021-05-20 10:26:24,338:INFO:Added job "DistrictsData" to job store "default"
2021-05-20 10:26:24,338:INFO:Scheduler started
2021-05-20 10:26:24,339:INFO:Scheduler has been shut down
2021-05-20 10:26:24,339:INFO:Scheduler has been shut down
2021-05-20 10:26:42,273:INFO:Adding job tentatively -- it will be properly scheduled when the scheduler starts
2021-05-20 10:26:42,274:INFO:Adding job tentatively -- it will be properly scheduled when the scheduler starts
2021-05-20 10:26:42,274:INFO:Added job "CountrynStateData" to job store "default"
2021-05-20 10:26:42,275:INFO:Scheduler started
2021-05-20 10:26:42,275:INFO:Added job "DistrictsData" to job store "default"
2021-05-20 10:26:42,275:INFO:Scheduler started
2021-05-20 10:26:42,276:INFO:Scheduler has been shut down
2021-05-20 10:26:42,276:INFO:Scheduler has been shut down
2021-05-20 10:27:12,020:INFO:Adding job tentatively -- it will be properly scheduled when the scheduler starts
2021-05-20 10:27:12,020:INFO:Adding job tentatively -- it will be properly scheduled when the scheduler starts
2021-05-20 10:27:12,020:INFO:Added job "CountrynStateData" to job store "default"
2021-05-20 10:27:12,021:INFO:Scheduler started
2021-05-20 10:27:12,021:INFO:Added job "DistrictsData" to job store "default"
2021-05-20 10:27:12,021:INFO:Scheduler started
2021-05-20 10:27:12,023:INFO:Scheduler has been shut down
2021-05-20 10:27:12,023:INFO:Scheduler has been shut down
2021-05-20 10:28:05,641:INFO:Adding job tentatively -- it will be properly scheduled when the scheduler starts
2021-05-20 10:28:05,642:INFO:Adding job tentatively -- it will be properly scheduled when the scheduler starts
2021-05-20 10:28:05,642:INFO:Added job "CountrynStateData" to job store "default"
2021-05-20 10:28:05,642:INFO:Scheduler started
2021-05-20 10:28:05,642:INFO:Added job "DistrictsData" to job store "default"
2021-05-20 10:28:05,643:INFO:Scheduler started
2021-05-20 10:28:05,670:INFO:Scheduler has been shut down
2021-05-20 10:28:05,671:INFO:Scheduler has been shut down
2021-05-20 10:28:50,274:INFO:Adding job tentatively -- it will be properly scheduled when the scheduler starts
2021-05-20 10:28:50,274:INFO:Adding job tentatively -- it will be properly scheduled when the scheduler starts
2021-05-20 10:28:50,274:INFO:Added job "CountrynStateData" to job store "default"
2021-05-20 10:28:50,274:INFO:Scheduler started
2021-05-20 10:28:50,275:INFO:Added job "DistrictsData" to job store "default"
2021-05-20 10:28:50,275:INFO:Scheduler started
2021-05-20 10:28:50,303:INFO:Scheduler has been shut down
2021-05-20 10:28:50,304:INFO:Scheduler has been shut down
2021-05-20 10:29:09,218:INFO:Adding job tentatively -- it will be properly scheduled when the scheduler starts
2021-05-20 10:29:09,218:INFO:Adding job tentatively -- it will be properly scheduled when the scheduler starts
2021-05-20 10:29:09,219:INFO:Added job "CountrynStateData" to job store "default"
2021-05-20 10:29:09,219:INFO:Scheduler started
2021-05-20 10:29:09,219:INFO:Added job "DistrictsData" to job store "default"
2021-05-20 10:29:09,219:INFO:Scheduler started
2021-05-20 10:29:09,252:INFO:Scheduler has been shut down
2021-05-20 10:29:09,254:INFO:Scheduler has been shut down
2021-05-20 10:29:30,648:INFO:Adding job tentatively -- it will be properly scheduled when the scheduler starts
2021-05-20 10:29:30,649:INFO:Adding job tentatively -- it will be properly scheduled when the scheduler starts
2021-05-20 10:29:30,649:INFO:Added job "CountrynStateData" to job store "default"
2021-05-20 10:29:30,649:INFO:Scheduler started
2021-05-20 10:29:30,650:INFO:Added job "DistrictsData" to job store "default"
2021-05-20 10:29:30,650:INFO:Scheduler started
2021-05-20 10:29:30,680:INFO:Scheduler has been shut down
2021-05-20 10:29:30,682:INFO:Scheduler has been shut down
2021-05-20 10:30:06,296:INFO:Adding job tentatively -- it will be properly scheduled when the scheduler starts
2021-05-20 10:30:06,296:INFO:Adding job tentatively -- it will be properly scheduled when the scheduler starts
2021-05-20 10:30:06,297:INFO:Added job "CountrynStateData" to job store "default"
2021-05-20 10:30:06,297:INFO:Scheduler started
2021-05-20 10:30:06,299:INFO:Added job "DistrictsData" to job store "default"
2021-05-20 10:30:06,299:INFO:Scheduler started
2021-05-20 10:30:06,322:INFO:Scheduler has been shut down
2021-05-20 10:30:06,322:INFO:Scheduler has been shut down
2021-05-20 10:36:06,850:INFO:Adding job tentatively -- it will be properly scheduled when the scheduler starts
2021-05-20 10:36:06,850:INFO:Adding job tentatively -- it will be properly scheduled when the scheduler starts
2021-05-20 10:36:06,851:INFO:Added job "CountrynStateData" to job store "default"
2021-05-20 10:36:06,851:INFO:Scheduler started
2021-05-20 10:36:06,852:INFO:Added job "DistrictsData" to job store "default"
2021-05-20 10:36:06,852:INFO:Scheduler started
2021-05-20 10:36:06,878:INFO:Scheduler has been shut down
2021-05-20 10:36:06,879:INFO:Scheduler has been shut down
2021-05-20 10:36:17,858:INFO:Adding job tentatively -- it will be properly scheduled when the scheduler starts
2021-05-20 10:36:17,859:INFO:Adding job tentatively -- it will be properly scheduled when the scheduler starts
2021-05-20 10:36:17,859:INFO:Added job "CountrynStateData" to job store "default"
2021-05-20 10:36:17,859:INFO:Scheduler started
2021-05-20 10:36:17,860:INFO:Added job "DistrictsData" to job store "default"
2021-05-20 10:36:17,860:INFO:Scheduler started
2021-05-20 10:36:17,887:INFO:Scheduler has been shut down
2021-05-20 10:36:17,889:INFO:Scheduler has been shut down
2021-05-20 10:36:31,994:INFO:Adding job tentatively -- it will be properly scheduled when the scheduler starts
2021-05-20 10:36:31,994:INFO:Adding job tentatively -- it will be properly scheduled when the scheduler starts
2021-05-20 10:36:31,995:INFO:Added job "CountrynStateData" to job store "default"
2021-05-20 10:36:31,995:INFO:Scheduler started
2021-05-20 10:36:31,996:INFO:Added job "DistrictsData" to job store "default"
2021-05-20 10:36:31,996:INFO:Scheduler started
2021-05-20 10:36:32,022:INFO:Scheduler has been shut down
2021-05-20 10:36:32,023:INFO:Scheduler has been shut down
2021-05-20 10:37:48,878:INFO:Adding job tentatively -- it will be properly scheduled when the scheduler starts
2021-05-20 10:37:48,879:INFO:Adding job tentatively -- it will be properly scheduled when the scheduler starts
2021-05-20 10:37:48,879:INFO:Added job "CountrynStateData" to job store "default"
2021-05-20 10:37:48,879:INFO:Scheduler started
2021-05-20 10:37:48,880:INFO:Added job "DistrictsData" to job store "default"
2021-05-20 10:37:48,880:INFO:Scheduler started
2021-05-20 10:37:48,910:INFO:Scheduler has been shut down
2021-05-20 10:37:48,910:INFO:Scheduler has been shut down
2021-05-20 10:39:11,095:INFO:Adding job tentatively -- it will be properly scheduled when the scheduler starts
2021-05-20 10:39:11,095:INFO:Adding job tentatively -- it will be properly scheduled when the scheduler starts
2021-05-20 10:39:11,096:INFO:Added job "CountrynStateData" to job store "default"
2021-05-20 10:39:11,096:INFO:Scheduler started
2021-05-20 10:39:11,096:INFO:Added job "DistrictsData" to job store "default"
2021-05-20 10:39:11,096:INFO:Scheduler started
2021-05-20 10:39:11,124:INFO:Scheduler has been shut down
2021-05-20 10:39:11,124:INFO:Scheduler has been shut down
2021-05-20 10:39:19,938:INFO:Adding job tentatively -- it will be properly scheduled when the scheduler starts
2021-05-20 10:39:19,938:INFO:Adding job tentatively -- it will be properly scheduled when the scheduler starts
2021-05-20 10:39:19,939:INFO:Added job "CountrynStateData" to job store "default"
2021-05-20 10:39:19,939:INFO:Scheduler started
2021-05-20 10:39:19,939:INFO:Added job "DistrictsData" to job store "default"
2021-05-20 10:39:19,940:INFO:Scheduler started
2021-05-20 10:39:19,965:INFO:Scheduler has been shut down
2021-05-20 10:39:19,966:INFO:Scheduler has been shut down
2021-05-20 10:39:41,670:INFO:Adding job tentatively -- it will be properly scheduled when the scheduler starts
2021-05-20 10:39:41,670:INFO:Adding job tentatively -- it will be properly scheduled when the scheduler starts
2021-05-20 10:39:41,671:INFO:Added job "CountrynStateData" to job store "default"
2021-05-20 10:39:41,671:INFO:Scheduler started
2021-05-20 10:39:41,671:INFO:Added job "DistrictsData" to job store "default"
2021-05-20 10:39:41,671:INFO:Scheduler started
2021-05-20 10:39:41,672:INFO:Scheduler has been shut down
2021-05-20 10:39:41,673:INFO:Scheduler has been shut down
2021-05-20 10:39:52,465:INFO:Adding job tentatively -- it will be properly scheduled when the scheduler starts
2021-05-20 10:39:52,465:INFO:Adding job tentatively -- it will be properly scheduled when the scheduler starts
2021-05-20 10:39:52,465:INFO:Added job "CountrynStateData" to job store "default"
2021-05-20 10:39:52,466:INFO:Scheduler started
2021-05-20 10:39:52,466:INFO:Added job "DistrictsData" to job store "default"
2021-05-20 10:39:52,466:INFO:Scheduler started
2021-05-20 10:39:52,467:INFO:Scheduler has been shut down
2021-05-20 10:39:52,468:INFO:Scheduler has been shut down
2021-05-20 10:40:02,660:INFO:Adding job tentatively -- it will be properly scheduled when the scheduler starts
2021-05-20 10:40:02,661:INFO:Adding job tentatively -- it will be properly scheduled when the scheduler starts
2021-05-20 10:40:02,661:INFO:Added job "CountrynStateData" to job store "default"
2021-05-20 10:40:02,661:INFO:Scheduler started
2021-05-20 10:40:02,662:INFO:Added job "DistrictsData" to job store "default"
2021-05-20 10:40:02,662:INFO:Scheduler started
2021-05-20 10:40:02,663:INFO:Scheduler has been shut down
2021-05-20 10:40:02,663:INFO:Scheduler has been shut down
2021-05-20 10:44:50,035:INFO:Adding job tentatively -- it will be properly scheduled when the scheduler starts
2021-05-20 10:44:50,035:INFO:Adding job tentatively -- it will be properly scheduled when the scheduler starts
2021-05-20 10:44:50,036:INFO:Added job "CountrynStateData" to job store "default"
2021-05-20 10:44:50,036:INFO:Scheduler started
2021-05-20 10:44:50,036:INFO:Added job "DistrictsData" to job store "default"
2021-05-20 10:44:50,036:INFO:Scheduler started
2021-05-20 10:44:50,058:INFO:Scheduler has been shut down
2021-05-20 10:44:50,059:INFO:Scheduler has been shut down
2021-05-20 10:45:06,401:INFO:Adding job tentatively -- it will be properly scheduled when the scheduler starts
2021-05-20 10:45:06,402:INFO:Adding job tentatively -- it will be properly scheduled when the scheduler starts
2021-05-20 10:45:06,402:INFO:Added job "CountrynStateData" to job store "default"
2021-05-20 10:45:06,402:INFO:Scheduler started
2021-05-20 10:45:06,403:INFO:Added job "DistrictsData" to job store "default"
2021-05-20 10:45:06,403:INFO:Scheduler started
2021-05-20 10:45:06,422:INFO:Scheduler has been shut down
2021-05-20 10:45:06,423:INFO:Scheduler has been shut down
2021-05-20 10:45:45,147:INFO:Adding job tentatively -- it will be properly scheduled when the scheduler starts
2021-05-20 10:45:45,147:INFO:Adding job tentatively -- it will be properly scheduled when the scheduler starts
2021-05-20 10:45:45,148:INFO:Added job "CountrynStateData" to job store "default"
2021-05-20 10:45:45,148:INFO:Scheduler started
2021-05-20 10:45:45,149:INFO:Added job "DistrictsData" to job store "default"
2021-05-20 10:45:45,149:INFO:Scheduler started
2021-05-20 10:45:45,169:INFO:Scheduler has been shut down
2021-05-20 10:45:45,170:INFO:Scheduler has been shut down
2021-05-20 10:47:12,331:INFO:Adding job tentatively -- it will be properly scheduled when the scheduler starts
2021-05-20 10:47:12,331:INFO:Adding job tentatively -- it will be properly scheduled when the scheduler starts
2021-05-20 10:47:12,332:INFO:Added job "CountrynStateData" to job store "default"
2021-05-20 10:47:12,332:INFO:Scheduler started
2021-05-20 10:47:12,333:INFO:Added job "DistrictsData" to job store "default"
2021-05-20 10:47:12,333:INFO:Scheduler started
2021-05-20 10:47:12,356:INFO:Scheduler has been shut down
2021-05-20 10:47:12,356:INFO:Scheduler has been shut down
2021-05-20 10:47:20,233:INFO:Adding job tentatively -- it will be properly scheduled when the scheduler starts
2021-05-20 10:47:20,233:INFO:Adding job tentatively -- it will be properly scheduled when the scheduler starts
2021-05-20 10:47:20,234:INFO:Added job "CountrynStateData" to job store "default"
2021-05-20 10:47:20,234:INFO:Scheduler started
2021-05-20 10:47:20,234:INFO:Added job "DistrictsData" to job store "default"
2021-05-20 10:47:20,235:INFO:Scheduler started
2021-05-20 10:47:20,255:INFO:Scheduler has been shut down
2021-05-20 10:47:20,255:INFO:Scheduler has been shut down
2021-05-20 10:47:44,880:INFO:Adding job tentatively -- it will be properly scheduled when the scheduler starts
2021-05-20 10:47:44,880:INFO:Adding job tentatively -- it will be properly scheduled when the scheduler starts
2021-05-20 10:47:44,880:INFO:Added job "CountrynStateData" to job store "default"
2021-05-20 10:47:44,881:INFO:Scheduler started
2021-05-20 10:47:44,881:INFO:Added job "DistrictsData" to job store "default"
2021-05-20 10:47:44,881:INFO:Scheduler started
2021-05-20 10:47:44,882:INFO:Scheduler has been shut down
2021-05-20 10:47:44,883:INFO:Scheduler has been shut down
2021-05-20 10:48:21,448:INFO:Adding job tentatively -- it will be properly scheduled when the scheduler starts
2021-05-20 10:48:21,449:INFO:Adding job tentatively -- it will be properly scheduled when the scheduler starts
2021-05-20 10:48:21,449:INFO:Added job "CountrynStateData" to job store "default"
2021-05-20 10:48:21,449:INFO:Scheduler started
2021-05-20 10:48:21,450:INFO:Added job "DistrictsData" to job store "default"
2021-05-20 10:48:21,450:INFO:Scheduler started
2021-05-20 10:48:21,452:INFO:Scheduler has been shut down
2021-05-20 10:48:21,452:INFO:Scheduler has been shut down
2021-05-20 10:49:02,861:INFO:Adding job tentatively -- it will be properly scheduled when the scheduler starts
2021-05-20 10:49:02,861:INFO:Adding job tentatively -- it will be properly scheduled when the scheduler starts
2021-05-20 10:49:02,862:INFO:Added job "CountrynStateData" to job store "default"
2021-05-20 10:49:02,862:INFO:Scheduler started
2021-05-20 10:49:02,862:INFO:Added job "DistrictsData" to job store "default"
2021-05-20 10:49:02,862:INFO:Scheduler started
2021-05-20 10:49:02,863:INFO:Scheduler has been shut down
2021-05-20 10:49:02,864:INFO:Scheduler has been shut down
2021-05-20 11:42:36,252:INFO:Adding job tentatively -- it will be properly scheduled when the scheduler starts
2021-05-20 11:42:36,253:INFO:Adding job tentatively -- it will be properly scheduled when the scheduler starts
2021-05-20 11:42:36,253:INFO:Added job "CountrynStateData" to job store "default"
2021-05-20 11:42:36,253:INFO:Scheduler started
2021-05-20 11:42:36,254:INFO:Added job "DistrictsData" to job store "default"
2021-05-20 11:42:36,254:INFO:Scheduler started
2021-05-20 11:42:36,263:INFO: * Running on http://127.0.0.1:5000/ (Press CTRL+C to quit)
2021-05-20 11:42:36,265:INFO: * Restarting with stat
2021-05-20 11:42:37,404:INFO:Adding job tentatively -- it will be properly scheduled when the scheduler starts
2021-05-20 11:42:37,404:INFO:Adding job tentatively -- it will be properly scheduled when the scheduler starts
2021-05-20 11:42:37,405:INFO:Added job "CountrynStateData" to job store "default"
2021-05-20 11:42:37,405:INFO:Scheduler started
2021-05-20 11:42:37,405:INFO:Added job "DistrictsData" to job store "default"
2021-05-20 11:42:37,405:INFO:Scheduler started
2021-05-20 11:42:37,413:WARNING: * Debugger is active!
2021-05-20 11:42:37,413:INFO: * Debugger PIN: 132-433-038
2021-05-20 11:42:44,647:INFO:127.0.0.1 - - [20/May/2021 11:42:44] "GET / HTTP/1.1" 200 -
2021-05-20 11:42:47,611:INFO:Scheduler has been shut down
2021-05-20 11:42:47,612:INFO:Scheduler has been shut down
2021-05-20 11:44:27,431:INFO:Country Data Added in 20.314899921417236
2021-05-20 11:44:36,191:INFO:District Data Added in 29.073214769363403
2021-05-20 11:44:36,316:INFO:Adding job tentatively -- it will be properly scheduled when the scheduler starts
2021-05-20 11:44:36,316:INFO:Adding job tentatively -- it will be properly scheduled when the scheduler starts
2021-05-20 11:44:36,317:INFO:Added job "CountrynStateData" to job store "default"
2021-05-20 11:44:36,317:INFO:Scheduler started
2021-05-20 11:44:36,317:INFO:Added job "DistrictsData" to job store "default"
2021-05-20 11:44:36,317:INFO:Scheduler started
2021-05-20 11:44:48,580:INFO:Country Data Added in 12.262078046798706
2021-05-20 11:45:06,575:INFO:District Data Added in 30.25682806968689
2021-05-20 11:45:06,576:INFO:Scheduler has been shut down
2021-05-20 11:45:06,577:INFO:Scheduler has been shut down
